2023-05-19 03:13:14.886+0000 WARN  Use of deprecated setting 'dbms.memory.pagecache.size'. It is replaced by 'server.memory.pagecache.size'.
2023-05-19 03:13:14.896+0000 WARN  Use of deprecated setting 'dbms.memory.heap.max_size'. It is replaced by 'server.memory.heap.max_size'.
2023-05-19 03:13:14.904+0000 INFO  Starting...
2023-05-19 03:13:15.946+0000 INFO  This instance is ServerId{ea0819c0} (ea0819c0-f25f-4e4f-8679-d6363b93bb40)
2023-05-19 03:13:16.878+0000 INFO  ======== Neo4j 5.7.0 ========
2023-05-19 03:13:20.337+0000 INFO  Bolt enabled on 0.0.0.0:7687.
2023-05-19 03:13:21.324+0000 INFO  Remote interface available at http://localhost:7474/
2023-05-19 03:13:21.335+0000 INFO  id: 23517D66786BC361D80613C48F1437BB51BB5BE8B60290E02CA98F0E0DA0C052
2023-05-19 03:13:21.338+0000 INFO  name: system
2023-05-19 03:13:21.340+0000 INFO  creationDate: 2023-05-19T03:13:17.827Z
2023-05-19 03:13:21.343+0000 INFO  Started.
2023-05-19 03:51:05.506+0000 WARN  Use of deprecated setting 'dbms.memory.pagecache.size'. It is replaced by 'server.memory.pagecache.size'.
2023-05-19 03:51:05.513+0000 WARN  Use of deprecated setting 'dbms.memory.heap.max_size'. It is replaced by 'server.memory.heap.max_size'.
2023-05-19 03:51:05.526+0000 INFO  Starting...
2023-05-19 03:51:06.956+0000 INFO  This instance is ServerId{ea0819c0} (ea0819c0-f25f-4e4f-8679-d6363b93bb40)
2023-05-19 03:51:08.729+0000 INFO  ======== Neo4j 5.7.0 ========
2023-05-19 03:51:14.648+0000 INFO  Bolt enabled on 0.0.0.0:7687.
2023-05-19 03:51:15.592+0000 INFO  Remote interface available at http://localhost:7474/
2023-05-19 03:51:15.599+0000 INFO  id: 23517D66786BC361D80613C48F1437BB51BB5BE8B60290E02CA98F0E0DA0C052
2023-05-19 03:51:15.601+0000 INFO  name: system
2023-05-19 03:51:15.603+0000 INFO  creationDate: 2023-05-19T03:13:17.827Z
2023-05-19 03:51:15.605+0000 INFO  Started.
2023-05-19 03:56:51.666+0000 WARN  The client is unauthorized due to authentication failure.
2023-05-19 03:56:51.715+0000 WARN  The client is unauthorized due to authentication failure.
2023-05-19 03:56:51.753+0000 WARN  The client is unauthorized due to authentication failure.
2023-05-19 03:56:51.818+0000 WARN  The client has provided incorrect authentication details too many times in a row.
2023-05-19 03:57:18.021+0000 WARN  The client is unauthorized due to authentication failure.
2023-05-19 03:57:18.085+0000 WARN  The client is unauthorized due to authentication failure.
2023-05-19 06:48:03.534+0000 ERROR Client triggered an unexpected error [Neo.DatabaseError.General.UnknownError]: Lexical error at line 1, column 177.  Encountered: <EOF> after : "", reference 31fb7a3f-fbd7-4dc3-9cdc-934d9e9a9d4b.
2023-05-19 08:30:14.512+0000 INFO  Neo4j Server shutdown initiated by request
2023-05-19 08:30:14.535+0000 INFO  Stopping...
2023-05-19 08:30:20.028+0000 INFO  Stopped.
2023-05-22 06:09:31.512+0000 WARN  Use of deprecated setting 'dbms.memory.pagecache.size'. It is replaced by 'server.memory.pagecache.size'.
2023-05-22 06:09:31.521+0000 WARN  Use of deprecated setting 'dbms.memory.heap.max_size'. It is replaced by 'server.memory.heap.max_size'.
2023-05-22 06:09:31.532+0000 INFO  Starting...
2023-05-22 06:09:32.905+0000 INFO  This instance is ServerId{ea0819c0} (ea0819c0-f25f-4e4f-8679-d6363b93bb40)
2023-05-22 06:09:34.699+0000 INFO  ======== Neo4j 5.7.0 ========
2023-05-22 06:09:40.290+0000 INFO  Bolt enabled on 0.0.0.0:7687.
2023-05-22 06:09:41.308+0000 INFO  Remote interface available at http://localhost:7474/
2023-05-22 06:09:41.314+0000 INFO  id: 23517D66786BC361D80613C48F1437BB51BB5BE8B60290E02CA98F0E0DA0C052
2023-05-22 06:09:41.316+0000 INFO  name: system
2023-05-22 06:09:41.318+0000 INFO  creationDate: 2023-05-19T03:13:17.827Z
2023-05-22 06:09:41.320+0000 INFO  Started.
2023-05-22 06:51:58.566+0000 INFO  Neo4j Server shutdown initiated by request
2023-05-22 06:51:58.597+0000 INFO  Stopping...
2023-05-22 06:52:05.110+0000 INFO  Stopped.
2023-05-22 06:52:31.651+0000 WARN  Use of deprecated setting 'dbms.memory.pagecache.size'. It is replaced by 'server.memory.pagecache.size'.
2023-05-22 06:52:31.657+0000 WARN  Use of deprecated setting 'dbms.memory.heap.max_size'. It is replaced by 'server.memory.heap.max_size'.
2023-05-22 06:52:31.661+0000 INFO  Starting...
2023-05-22 06:52:32.614+0000 INFO  This instance is ServerId{ea0819c0} (ea0819c0-f25f-4e4f-8679-d6363b93bb40)
2023-05-22 06:52:34.282+0000 INFO  ======== Neo4j 5.7.0 ========
2023-05-22 06:52:38.552+0000 INFO  Bolt enabled on 0.0.0.0:7687.
2023-05-22 06:52:39.538+0000 INFO  Remote interface available at http://localhost:7474/
2023-05-22 06:52:39.543+0000 INFO  id: 23517D66786BC361D80613C48F1437BB51BB5BE8B60290E02CA98F0E0DA0C052
2023-05-22 06:52:39.545+0000 INFO  name: system
2023-05-22 06:52:39.547+0000 INFO  creationDate: 2023-05-19T03:13:17.827Z
2023-05-22 06:52:39.548+0000 INFO  Started.
2023-05-22 07:07:09.124+0000 INFO  Neo4j Server shutdown initiated by request
2023-05-22 07:07:09.127+0000 INFO  Stopping...
2023-05-22 07:07:15.517+0000 INFO  Stopped.
2023-05-22 07:09:23.232+0000 WARN  Use of deprecated setting 'dbms.memory.pagecache.size'. It is replaced by 'server.memory.pagecache.size'.
2023-05-22 07:09:23.241+0000 WARN  Use of deprecated setting 'dbms.memory.heap.max_size'. It is replaced by 'server.memory.heap.max_size'.
2023-05-22 07:09:23.258+0000 INFO  Starting...
2023-05-22 07:09:24.147+0000 INFO  This instance is ServerId{ea0819c0} (ea0819c0-f25f-4e4f-8679-d6363b93bb40)
2023-05-22 07:09:25.505+0000 INFO  ======== Neo4j 5.7.0 ========
2023-05-22 07:09:31.113+0000 INFO  Bolt enabled on 0.0.0.0:7687.
2023-05-22 07:09:31.973+0000 INFO  Remote interface available at http://localhost:7474/
2023-05-22 07:09:31.979+0000 INFO  id: 23517D66786BC361D80613C48F1437BB51BB5BE8B60290E02CA98F0E0DA0C052
2023-05-22 07:09:31.981+0000 INFO  name: system
2023-05-22 07:09:31.983+0000 INFO  creationDate: 2023-05-19T03:13:17.827Z
2023-05-22 07:09:31.985+0000 INFO  Started.
2023-05-22 07:11:58.802+0000 INFO  Neo4j Server shutdown initiated by request
2023-05-22 07:11:58.816+0000 INFO  Stopping...
2023-05-22 07:22:09.349+0000 WARN  Use of deprecated setting 'dbms.memory.pagecache.size'. It is replaced by 'server.memory.pagecache.size'.
2023-05-22 07:22:09.356+0000 WARN  Use of deprecated setting 'dbms.memory.heap.max_size'. It is replaced by 'server.memory.heap.max_size'.
2023-05-22 07:22:09.362+0000 INFO  Starting...
2023-05-22 07:22:09.999+0000 INFO  This instance is ServerId{ea0819c0} (ea0819c0-f25f-4e4f-8679-d6363b93bb40)
2023-05-22 07:22:10.941+0000 INFO  ======== Neo4j 5.7.0 ========
2023-05-22 07:22:14.955+0000 INFO  Bolt enabled on 0.0.0.0:7687.
2023-05-22 07:22:15.915+0000 INFO  Remote interface available at http://localhost:7474/
2023-05-22 07:22:15.921+0000 INFO  id: 23517D66786BC361D80613C48F1437BB51BB5BE8B60290E02CA98F0E0DA0C052
2023-05-22 07:22:15.923+0000 INFO  name: system
2023-05-22 07:22:15.925+0000 INFO  creationDate: 2023-05-19T03:13:17.827Z
2023-05-22 07:22:15.927+0000 INFO  Started.
2023-05-22 07:24:57.304+0000 INFO  Neo4j Server shutdown initiated by request
2023-05-22 07:24:57.310+0000 INFO  Stopping...
2023-05-22 07:25:03.461+0000 INFO  Stopped.
2023-05-22 07:25:32.121+0000 WARN  Use of deprecated setting 'dbms.memory.pagecache.size'. It is replaced by 'server.memory.pagecache.size'.
2023-05-22 07:25:32.128+0000 WARN  Use of deprecated setting 'dbms.memory.heap.max_size'. It is replaced by 'server.memory.heap.max_size'.
2023-05-22 07:25:32.134+0000 INFO  Starting...
2023-05-22 07:25:33.022+0000 INFO  This instance is ServerId{ea0819c0} (ea0819c0-f25f-4e4f-8679-d6363b93bb40)
2023-05-22 07:25:34.419+0000 INFO  ======== Neo4j 5.7.0 ========
2023-05-22 07:25:40.895+0000 INFO  Bolt enabled on 0.0.0.0:7687.
2023-05-22 07:25:41.809+0000 INFO  Remote interface available at http://localhost:7474/
2023-05-22 07:25:41.816+0000 INFO  id: 23517D66786BC361D80613C48F1437BB51BB5BE8B60290E02CA98F0E0DA0C052
2023-05-22 07:25:41.819+0000 INFO  name: system
2023-05-22 07:25:41.821+0000 INFO  creationDate: 2023-05-19T03:13:17.827Z
2023-05-22 07:25:41.823+0000 INFO  Started.
2023-05-22 07:33:00.323+0000 INFO  Neo4j Server shutdown initiated by request
2023-05-22 07:33:00.330+0000 INFO  Stopping...
2023-05-22 07:33:06.822+0000 INFO  Stopped.
2023-05-22 07:33:42.088+0000 WARN  Use of deprecated setting 'dbms.memory.pagecache.size'. It is replaced by 'server.memory.pagecache.size'.
2023-05-22 07:33:42.100+0000 WARN  Use of deprecated setting 'dbms.memory.heap.max_size'. It is replaced by 'server.memory.heap.max_size'.
2023-05-22 07:33:42.107+0000 INFO  Starting...
2023-05-22 07:33:43.034+0000 INFO  This instance is ServerId{ea0819c0} (ea0819c0-f25f-4e4f-8679-d6363b93bb40)
2023-05-22 07:33:44.266+0000 INFO  ======== Neo4j 5.7.0 ========
2023-05-22 07:33:48.994+0000 INFO  Bolt enabled on 0.0.0.0:7687.
2023-05-22 07:33:50.021+0000 INFO  Remote interface available at http://localhost:7474/
2023-05-22 07:33:50.028+0000 INFO  id: 23517D66786BC361D80613C48F1437BB51BB5BE8B60290E02CA98F0E0DA0C052
2023-05-22 07:33:50.030+0000 INFO  name: system
2023-05-22 07:33:50.032+0000 INFO  creationDate: 2023-05-19T03:13:17.827Z
2023-05-22 07:33:50.034+0000 INFO  Started.
2023-05-22 07:36:24.220+0000 INFO  Neo4j Server shutdown initiated by request
2023-05-22 07:36:24.224+0000 INFO  Stopping...
2023-05-22 07:36:30.413+0000 INFO  Stopped.
2023-05-22 07:37:05.575+0000 WARN  Use of deprecated setting 'dbms.memory.pagecache.size'. It is replaced by 'server.memory.pagecache.size'.
2023-05-22 07:37:05.584+0000 WARN  Use of deprecated setting 'dbms.memory.heap.max_size'. It is replaced by 'server.memory.heap.max_size'.
2023-05-22 07:37:05.590+0000 INFO  Starting...
2023-05-22 07:37:06.447+0000 INFO  This instance is ServerId{ea0819c0} (ea0819c0-f25f-4e4f-8679-d6363b93bb40)
2023-05-22 07:37:07.807+0000 INFO  ======== Neo4j 5.7.0 ========
2023-05-22 07:37:13.462+0000 INFO  Bolt enabled on 0.0.0.0:7687.
2023-05-22 07:37:14.348+0000 INFO  Remote interface available at http://localhost:7474/
2023-05-22 07:37:14.354+0000 INFO  id: 23517D66786BC361D80613C48F1437BB51BB5BE8B60290E02CA98F0E0DA0C052
2023-05-22 07:37:14.356+0000 INFO  name: system
2023-05-22 07:37:14.359+0000 INFO  creationDate: 2023-05-19T03:13:17.827Z
2023-05-22 07:37:14.361+0000 INFO  Started.
2023-05-22 07:43:30.920+0000 INFO  Neo4j Server shutdown initiated by request
2023-05-22 07:43:30.942+0000 INFO  Stopping...
2023-05-22 07:43:37.836+0000 INFO  Stopped.
2023-05-22 07:44:09.611+0000 WARN  Use of deprecated setting 'dbms.memory.pagecache.size'. It is replaced by 'server.memory.pagecache.size'.
2023-05-22 07:44:09.623+0000 WARN  Use of deprecated setting 'dbms.memory.heap.max_size'. It is replaced by 'server.memory.heap.max_size'.
2023-05-22 07:44:09.631+0000 INFO  Starting...
2023-05-22 07:44:11.493+0000 INFO  This instance is ServerId{ea0819c0} (ea0819c0-f25f-4e4f-8679-d6363b93bb40)
2023-05-22 07:44:14.169+0000 INFO  ======== Neo4j 5.7.0 ========
2023-05-22 07:44:21.521+0000 INFO  Bolt enabled on 0.0.0.0:7687.
2023-05-22 07:44:23.379+0000 INFO  Remote interface available at http://localhost:7474/
2023-05-22 07:44:23.392+0000 INFO  id: 23517D66786BC361D80613C48F1437BB51BB5BE8B60290E02CA98F0E0DA0C052
2023-05-22 07:44:23.396+0000 INFO  name: system
2023-05-22 07:44:23.400+0000 INFO  creationDate: 2023-05-19T03:13:17.827Z
2023-05-22 07:44:23.403+0000 INFO  Started.
2023-05-22 10:17:21.497+0000 INFO  Neo4j Server shutdown initiated by request
2023-05-22 10:17:21.516+0000 INFO  Stopping...
2023-05-22 10:17:27.852+0000 INFO  Stopped.
2023-05-23 01:54:23.013+0000 WARN  Use of deprecated setting 'dbms.memory.pagecache.size'. It is replaced by 'server.memory.pagecache.size'.
2023-05-23 01:54:23.022+0000 WARN  Use of deprecated setting 'dbms.memory.heap.max_size'. It is replaced by 'server.memory.heap.max_size'.
2023-05-23 01:54:23.027+0000 INFO  Starting...
2023-05-23 01:54:24.109+0000 INFO  This instance is ServerId{ea0819c0} (ea0819c0-f25f-4e4f-8679-d6363b93bb40)
2023-05-23 01:54:25.508+0000 INFO  ======== Neo4j 5.7.0 ========
2023-05-23 01:54:32.243+0000 INFO  Bolt enabled on 0.0.0.0:7687.
2023-05-23 01:54:33.338+0000 INFO  Remote interface available at http://localhost:7474/
2023-05-23 01:54:33.343+0000 INFO  id: 23517D66786BC361D80613C48F1437BB51BB5BE8B60290E02CA98F0E0DA0C052
2023-05-23 01:54:33.345+0000 INFO  name: system
2023-05-23 01:54:33.347+0000 INFO  creationDate: 2023-05-19T03:13:17.827Z
2023-05-23 01:54:33.349+0000 INFO  Started.
2023-05-23 08:22:50.919+0000 INFO  Neo4j Server shutdown initiated by request
2023-05-23 08:22:50.949+0000 INFO  Stopping...
2023-05-23 08:22:57.948+0000 INFO  Stopped.
2023-05-24 01:42:41.068+0000 WARN  Use of deprecated setting 'dbms.memory.pagecache.size'. It is replaced by 'server.memory.pagecache.size'.
2023-05-24 01:42:41.078+0000 WARN  Use of deprecated setting 'dbms.memory.heap.max_size'. It is replaced by 'server.memory.heap.max_size'.
2023-05-24 01:42:41.085+0000 INFO  Starting...
2023-05-24 01:42:42.475+0000 INFO  This instance is ServerId{ea0819c0} (ea0819c0-f25f-4e4f-8679-d6363b93bb40)
2023-05-24 01:42:44.455+0000 INFO  ======== Neo4j 5.7.0 ========
2023-05-24 01:42:49.808+0000 INFO  Bolt enabled on 0.0.0.0:7687.
2023-05-24 01:42:50.847+0000 INFO  Remote interface available at http://localhost:7474/
2023-05-24 01:42:50.853+0000 INFO  id: 23517D66786BC361D80613C48F1437BB51BB5BE8B60290E02CA98F0E0DA0C052
2023-05-24 01:42:50.855+0000 INFO  name: system
2023-05-24 01:42:50.857+0000 INFO  creationDate: 2023-05-19T03:13:17.827Z
2023-05-24 01:42:50.859+0000 INFO  Started.
2023-05-24 06:33:13.232+0000 WARN  Unsupported authentication token, missing key `credentials`
2023-05-24 06:36:10.875+0000 WARN  Unsupported authentication token, missing key `credentials`
2023-05-24 06:38:18.881+0000 WARN  Unsupported authentication token, missing key `credentials`
2023-05-24 06:40:52.939+0000 WARN  Unsupported authentication token, missing key `credentials`
2023-05-24 06:41:32.503+0000 WARN  Unsupported authentication token, missing key `credentials`
2023-05-24 06:42:20.799+0000 WARN  The client is unauthorized due to authentication failure.
2023-05-24 06:42:20.830+0000 WARN  The client is unauthorized due to authentication failure.
2023-05-24 06:42:40.574+0000 WARN  Unsupported authentication token, missing key `credentials`
2023-05-24 06:43:06.200+0000 WARN  Unsupported authentication token, missing key `credentials`
2023-05-24 06:54:28.927+0000 ERROR Client triggered an unexpected error [Neo.DatabaseError.Statement.ExecutionFailed]: The given query uses 16 CALL clauses (15 too many). 
The system database supports a restricted set of Cypher clauses. The supported clause structure for procedure calls is: CALL, YIELD, RETURN. YIELD and RETURN clauses are optional. The order of the clauses is fixed and each can only occur once., reference 96c0a124-8fae-4ff0-91a4-0dfa8410c99e.
2023-05-24 06:57:09.703+0000 ERROR [bolt-291] Terminating connection due to unexpected error
org.neo4j.bolt.protocol.error.streaming.BoltStreamingWriteException: Failed to transmit operation result: Response write failure
	at org.neo4j.bolt.protocol.common.fsm.response.NetworkResponseHandler.onSuccess(NetworkResponseHandler.java:184) ~[neo4j-bolt-5.7.0.jar:5.7.0]
	at org.neo4j.bolt.protocol.common.fsm.AbstractStateMachine.after(AbstractStateMachine.java:112) ~[neo4j-bolt-5.7.0.jar:5.7.0]
	at org.neo4j.bolt.protocol.common.fsm.AbstractStateMachine.process(AbstractStateMachine.java:88) ~[neo4j-bolt-5.7.0.jar:5.7.0]
	at org.neo4j.bolt.protocol.common.connector.connection.AtomicSchedulingConnection.lambda$submit$4(AtomicSchedulingConnection.java:123) ~[neo4j-bolt-5.7.0.jar:5.7.0]
	at org.neo4j.bolt.protocol.common.connector.connection.AtomicSchedulingConnection.executeJob(AtomicSchedulingConnection.java:345) ~[neo4j-bolt-5.7.0.jar:5.7.0]
	at org.neo4j.bolt.protocol.common.connector.connection.AtomicSchedulingConnection.doExecuteJobs(AtomicSchedulingConnection.java:280) ~[neo4j-bolt-5.7.0.jar:5.7.0]
	at org.neo4j.bolt.protocol.common.connector.connection.AtomicSchedulingConnection.executeJobs(AtomicSchedulingConnection.java:222) ~[neo4j-bolt-5.7.0.jar:5.7.0]
	at java.util.concurrent.Executors$RunnableAdapter.call(Executors.java:539) [?:?]
	at java.util.concurrent.FutureTask.run(FutureTask.java:264) [?:?]
	at java.util.concurrent.ThreadPoolExecutor.runWorker(ThreadPoolExecutor.java:1136) [?:?]
	at java.util.concurrent.ThreadPoolExecutor$Worker.run(ThreadPoolExecutor.java:635) [?:?]
	at java.lang.Thread.run(Thread.java:833) [?:?]
Caused by: io.netty.channel.StacklessClosedChannelException
	at io.netty.channel.AbstractChannel$AbstractUnsafe.write(Object, ChannelPromise)(Unknown Source) ~[netty-transport-4.1.89.Final.jar:4.1.89.Final]
2023-05-24 07:04:36.250+0000 ERROR Client triggered an unexpected error [Neo.DatabaseError.Statement.ExecutionFailed]: The given query uses 16 CALL clauses (15 too many). 
The system database supports a restricted set of Cypher clauses. The supported clause structure for procedure calls is: CALL, YIELD, RETURN. YIELD and RETURN clauses are optional. The order of the clauses is fixed and each can only occur once., reference ad5536ec-6e7f-4df4-b235-7829f3a3ac9f.
